<?xml version="1.0" encoding="UTF-8"?>
<coverage generated="1528546423366" clover="3.2.0">
  <project timestamp="1528546423369" name="All files">
    <metrics statements="39" coveredstatements="39" conditionals="26" coveredconditionals="26" methods="8" coveredmethods="8" elements="73" coveredelements="73" complexity="0" loc="39" ncloc="39" packages="3" files="3" classes="3">
      <package name="account.core.AccountService">
        <metrics statements="35" coveredstatements="35" conditionals="26" coveredconditionals="26" methods="6" coveredmethods="6"/>
        <file name="AccountService.ts" path="/home/thomasf/git/good-accounts-api/src/domain/account/core/AccountService/AccountService.ts">
          <metrics statements="35" coveredstatements="35" conditionals="26" coveredconditionals="26" methods="6" coveredmethods="6"/>
          <line num="4" count="1" type="stmt"/>
          <line num="9" count="1" type="stmt"/>
          <line num="14" count="23" type="stmt"/>
          <line num="15" count="23" type="stmt"/>
          <line num="19" count="23" type="cond" truecount="2" falsecount="0"/>
          <line num="20" count="3" type="stmt"/>
          <line num="23" count="20" type="stmt"/>
          <line num="24" count="20" type="cond" truecount="4" falsecount="0"/>
          <line num="25" count="3" type="stmt"/>
          <line num="28" count="17" type="stmt"/>
          <line num="32" count="5" type="stmt"/>
          <line num="34" count="3" type="stmt"/>
          <line num="38" count="9" type="stmt"/>
          <line num="40" count="7" type="cond" truecount="2" falsecount="0"/>
          <line num="41" count="1" type="stmt"/>
          <line num="44" count="6" type="stmt"/>
          <line num="46" count="6" type="cond" truecount="2" falsecount="0"/>
          <line num="47" count="1" type="stmt"/>
          <line num="50" count="5" type="cond" truecount="2" falsecount="0"/>
          <line num="51" count="1" type="stmt"/>
          <line num="54" count="4" type="cond" truecount="4" falsecount="0"/>
          <line num="56" count="3" type="cond" truecount="2" falsecount="0"/>
          <line num="58" count="1" type="stmt"/>
          <line num="61" count="3" type="stmt"/>
          <line num="65" count="9" type="stmt"/>
          <line num="67" count="7" type="cond" truecount="4" falsecount="0"/>
          <line num="68" count="1" type="stmt"/>
          <line num="71" count="6" type="stmt"/>
          <line num="72" count="6" type="stmt"/>
          <line num="73" count="6" type="stmt"/>
          <line num="74" count="6" type="stmt"/>
          <line num="76" count="6" type="stmt"/>
          <line num="78" count="5" type="cond" truecount="4" falsecount="0"/>
          <line num="79" count="1" type="stmt"/>
          <line num="82" count="4" type="stmt"/>
        </file>
      </package>
      <package name="account.core.entities.Account">
        <metrics statements="2" coveredstatements="2" conditionals="0" coveredconditionals="0" methods="1" coveredmethods="1"/>
        <file name="Account.ts" path="/home/thomasf/git/good-accounts-api/src/domain/account/core/entities/Account/Account.ts">
          <metrics statements="2" coveredstatements="2" conditionals="0" coveredconditionals="0" methods="1" coveredmethods="1"/>
          <line num="3" count="2" type="stmt"/>
          <line num="12" count="19" type="stmt"/>
        </file>
      </package>
      <package name="user.core.entities.User">
        <metrics statements="2" coveredstatements="2" conditionals="0" coveredconditionals="0" methods="1" coveredmethods="1"/>
        <file name="User.ts" path="/home/thomasf/git/good-accounts-api/src/domain/user/core/entities/User/User.ts">
          <metrics statements="2" coveredstatements="2" conditionals="0" coveredconditionals="0" methods="1" coveredmethods="1"/>
          <line num="1" count="2" type="stmt"/>
          <line num="5" count="19" type="stmt"/>
        </file>
      </package>
    </metrics>
  </project>
</coverage>
