TN:
SF:/home/thomasf/git/good-accounts-api/src/domain/account/core/AccountService/AccountService.ts
FN:7,(anonymous_0)
FN:11,AccountService
FN:16,(anonymous_2)
FNF:3
FNH:3
FNDA:1,(anonymous_0)
FNDA:5,AccountService
FNDA:5,(anonymous_2)
DA:7,1
DA:12,5
DA:13,5
DA:16,1
DA:17,5
DA:18,1
DA:21,4
DA:22,4
DA:23,1
DA:26,3
DA:28,1
LF:11
LH:11
BRDA:17,0,0,1
BRDA:17,0,1,4
BRDA:22,1,0,1
BRDA:22,1,1,3
BRDA:22,2,0,4
BRDA:22,2,1,3
BRF:6
BRH:6
end_of_record
TN:
SF:/home/thomasf/git/good-accounts-api/src/domain/account/core/entities/Account/Account.ts
FN:1,(anonymous_0)
FNF:1
FNH:1
FNDA:5,(anonymous_0)
DA:1,1
DA:3,1
LF:2
LH:2
BRF:0
BRH:0
end_of_record
TN:
SF:/home/thomasf/git/good-accounts-api/src/domain/user/core/entities/User/User.ts
FN:1,(anonymous_0)
FN:4,(anonymous_2)
FNF:2
FNH:2
FNDA:8,(anonymous_0)
FNDA:5,(anonymous_2)
DA:1,2
DA:4,2
DA:5,5
DA:7,2
LF:4
LH:4
BRF:0
BRH:0
end_of_record
