TN:
SF:/home/thomasf/git/good-accounts-api/src/domain/account/core/AccountService/AccountService.ts
FN:13,(anonymous_0)
FN:18,(anonymous_1)
FN:31,(anonymous_2)
FN:37,(anonymous_3)
FN:55,(anonymous_4)
FN:64,(anonymous_5)
FNF:6
FNH:6
FNDA:23,(anonymous_0)
FNDA:23,(anonymous_1)
FNDA:5,(anonymous_2)
FNDA:9,(anonymous_3)
FNDA:3,(anonymous_4)
FNDA:9,(anonymous_5)
DA:4,1
DA:9,1
DA:14,23
DA:15,23
DA:19,23
DA:20,3
DA:23,20
DA:24,20
DA:25,3
DA:28,17
DA:32,5
DA:34,3
DA:38,9
DA:40,7
DA:41,1
DA:44,6
DA:46,6
DA:47,1
DA:50,5
DA:51,1
DA:54,4
DA:56,3
DA:58,1
DA:61,3
DA:65,9
DA:67,7
DA:68,1
DA:71,6
DA:72,6
DA:73,6
DA:74,6
DA:76,6
DA:78,5
DA:79,1
DA:82,4
LF:35
LH:35
BRDA:19,0,0,3
BRDA:19,0,1,20
BRDA:24,1,0,3
BRDA:24,1,1,17
BRDA:24,2,0,20
BRDA:24,2,1,17
BRDA:40,3,0,1
BRDA:40,3,1,6
BRDA:46,4,0,1
BRDA:46,4,1,5
BRDA:50,5,0,1
BRDA:50,5,1,4
BRDA:54,6,0,1
BRDA:54,6,1,3
BRDA:54,7,0,4
BRDA:54,7,1,3
BRDA:56,8,0,3
BRDA:56,8,1,3
BRDA:67,9,0,1
BRDA:67,9,1,6
BRDA:67,10,0,7
BRDA:67,10,1,7
BRDA:78,11,0,1
BRDA:78,11,1,4
BRDA:78,12,0,5
BRDA:78,12,1,5
BRF:26
BRH:26
end_of_record
TN:
SF:/home/thomasf/git/good-accounts-api/src/domain/account/core/entities/Account/Account.ts
FN:11,(anonymous_0)
FNF:1
FNH:1
FNDA:19,(anonymous_0)
DA:3,2
DA:12,19
LF:2
LH:2
BRF:0
BRH:0
end_of_record
TN:
SF:/home/thomasf/git/good-accounts-api/src/domain/user/core/entities/User/User.ts
FN:4,(anonymous_0)
FNF:1
FNH:1
FNDA:19,(anonymous_0)
DA:1,2
DA:5,19
LF:2
LH:2
BRF:0
BRH:0
end_of_record
